 Cloning from https://github.com/mudassir044/Au-pair
==> Checking out commit 813c5fdb1a1870f4c2583865a1821985ec6a724d in branch main
==> Using Node.js version 22.16.0 (default)
==> Docs on specifying a Node.js version: https://render.com/docs/node-version
==> Using Bun version 1.1.0 (default)
==> Docs on specifying a Bun version: https://render.com/docs/bun-version
==> Running build command 'cd backend && npm install && npx prisma generate && npx prisma db push && npm run build'...
> au-pair-backend@1.0.0 postinstall
> npx prisma generate
Environment variables loaded from .env
Prisma schema loaded from prisma/schema.prisma
âœ” Generated Prisma Client (v6.11.0) to ./node_modules/@prisma/client in 116ms
Start by importing your Prisma Client (See: https://pris.ly/d/importing-client)
Tip: Interested in query caching in just a few lines of code? Try Accelerate today! https://pris.ly/tip-3-accelerate
added 152 packages, and audited 153 packages in 8s
17 packages are looking for funding
  run `npm fund` for details
found 0 vulnerabilities
Environment variables loaded from .env
Prisma schema loaded from prisma/schema.prisma
âœ” Generated Prisma Client (v6.11.0) to ./node_modules/@prisma/client in 137ms
Start by importing your Prisma Client (See: https://pris.ly/d/importing-client)
Tip: Want to turn off tips and other hints? https://pris.ly/tip-4-nohints
Environment variables loaded from .env
Prisma schema loaded from prisma/schema.prisma
Datasource "db": SQLite database "dev.db" at "file:./dev.db"
ðŸš€  Your database is now in sync with your Prisma schema. Done in 35ms
Running generate... (Use --skip-generate to skip the generators)
Running generate... - Prisma Client
âœ” Generated Prisma Client (v6.11.0) to ./node_modules/@prisma/client in 119ms
> au-pair-backend@1.0.0 build
> tsc
src/index.ts(1,21): error TS7016: Could not find a declaration file for module 'express'. '/opt/render/project/src/backend/node_modules/express/index.js' implicitly has an 'any' type.
  Try `npm i --save-dev @types/express` if it exists or add a new declaration (.d.ts) file containing `declare module 'express';`
src/index.ts(4,20): error TS7016: Could not find a declaration file for module 'morgan'. '/opt/render/project/src/backend/node_modules/morgan/index.js' implicitly has an 'any' type.
  Try `npm i --save-dev @types/morgan` if it exists or add a new declaration (.d.ts) file containing `declare module 'morgan';`
src/index.ts(72,21): error TS7006: Parameter 'req' implicitly has an 'any' type.
src/index.ts(72,26): error TS7006: Parameter 'res' implicitly has an 'any' type.
src/middleware/auth.ts(1,49): error TS7016: Could not find a declaration file for module 'express'. '/opt/render/project/src/backend/node_modules/express/index.js' implicitly has an 'any' type.
  Try `npm i --save-dev @types/express` if it exists or add a new declaration (.d.ts) file containing `declare module 'express';`
src/middleware/auth.ts(2,17): error TS7016: Could not find a declaration file for module 'jsonwebtoken'. '/opt/render/project/src/backend/node_modules/jsonwebtoken/index.js' implicitly has an 'any' type.
  Try `npm i --save-dev @types/jsonwebtoken` if it exists or add a new declaration (.d.ts) file containing `declare module 'jsonwebtoken';`
src/middleware/auth.ts(16,23): error TS2339: Property 'header' does not exist on type 'AuthRequest'.
src/routes/admin.ts(1,21): error TS7016: Could not find a declaration file for module 'express'. '/opt/render/project/src/backend/node_modules/express/index.js' implicitly has an 'any' type.
  Try `npm i --save-dev @types/express` if it exists or add a new declaration (.d.ts) file containing `declare module 'express';`
src/routes/admin.ts(11,51): error TS7006: Parameter 'res' implicitly has an 'any' type.
src/routes/admin.ts(130,47): error TS7006: Parameter 'res' implicitly has an 'any' type.
src/routes/admin.ts(132,31): error TS2339: Property 'query' does not exist on type 'AuthRequest'.
src/routes/admin.ts(133,32): error TS2339: Property 'query' does not exist on type 'AuthRequest'.
src/routes/admin.ts(134,22): error TS2339: Property 'query' does not exist on type 'AuthRequest'.
src/routes/admin.ts(135,24): error TS2339: Property 'query' does not exist on type 'AuthRequest'.
src/routes/admin.ts(136,24): error TS2339: Property 'query' does not exist on type 'AuthRequest'.
src/routes/admin.ts(199,62): error TS7006: Parameter 'res' implicitly has an 'any' type.
src/routes/admin.ts(201,28): error TS2339: Property 'params' does not exist on type 'AuthRequest'.
src/routes/admin.ts(202,30): error TS2339: Property 'body' does not exist on type 'AuthRequest'.
src/routes/admin.ts(230,49): error TS7006: Parameter 'res' implicitly has an 'any' type.
src/routes/admin.ts(232,31): error TS2339: Property 'query' does not exist on type 'AuthRequest'.
src/routes/admin.ts(233,32): error TS2339: Property 'query' does not exist on type 'AuthRequest'.
src/routes/admin.ts(234,24): error TS2339: Property 'query' does not exist on type 'AuthRequest'.
src/routes/admin.ts(287,50): error TS7006: Parameter 'res' implicitly has an 'any' type.
src/routes/admin.ts(289,31): error TS2339: Property 'query' does not exist on type 'AuthRequest'.
src/routes/admin.ts(290,32): error TS2339: Property 'query' does not exist on type 'AuthRequest'.
src/routes/admin.ts(291,24): error TS2339: Property 'query' does not exist on type 'AuthRequest'.
src/routes/admin.ts(302,9): error TS2353: Object literal may only specify known properties, and 'host' does not exist in type 'BookingInclude<DefaultArgs>'.
src/routes/admin.ts(344,58): error TS7006: Parameter 'res' implicitly has an 'any' type.
src/routes/admin.ts(346,28): error TS2339: Property 'params' does not exist on type 'AuthRequest'.
src/routes/admin.ts(368,61): error TS7006: Parameter 'res' implicitly has an 'any' type.
src/routes/admin.ts(370,37): error TS2339: Property 'body' does not exist on type 'AuthRequest'.
src/routes/auth-simple.ts(1,44): error TS7016: Could not find a declaration file for module 'express'. '/opt/render/project/src/backend/node_modules/express/index.js' implicitly has an 'any' type.
  Try `npm i --save-dev @types/express` if it exists or add a new declaration (.d.ts) file containing `declare module 'express';`
src/routes/auth.ts(1,21): error TS7016: Could not find a declaration file for module 'express'. '/opt/render/project/src/backend/node_modules/express/index.js' implicitly has an 'any' type.
  Try `npm i --save-dev @types/express` if it exists or add a new declaration (.d.ts) file containing `declare module 'express';`
src/routes/auth.ts(12,33): error TS7006: Parameter 'req' implicitly has an 'any' type.
src/routes/auth.ts(12,38): error TS7006: Parameter 'res' implicitly has an 'any' type.
src/routes/auth.ts(89,30): error TS7006: Parameter 'req' implicitly has an 'any' type.
src/routes/auth.ts(89,35): error TS7006: Parameter 'res' implicitly has an 'any' type.
src/routes/auth.ts(156,32): error TS7006: Parameter 'req' implicitly has an 'any' type.
src/routes/auth.ts(156,37): error TS7006: Parameter 'res' implicitly has an 'any' type.
src/routes/auth.ts(189,37): error TS7006: Parameter 'req' implicitly has an 'any' type.
src/routes/auth.ts(189,42): error TS7006: Parameter 'res' implicitly has an 'any' type.
src/routes/auth.ts(222,40): error TS7006: Parameter 'req' implicitly has an 'any' type.
src/routes/auth.ts(222,45): error TS7006: Parameter 'res' implicitly has an 'any' type.
src/routes/auth.ts(266,39): error TS7006: Parameter 'req' implicitly has an 'any' type.
src/routes/auth.ts(266,44): error TS7006: Parameter 'res' implicitly has an 'any' type.
src/routes/auth.ts(311,60): error TS7006: Parameter 'res' implicitly has an 'any' type.
src/routes/bookings.ts(1,21): error TS7016: Could not find a declaration file for module 'express'. '/opt/render/project/src/backend/node_modules/express/index.js' implicitly has an 'any' type.
  Try `npm i --save-dev @types/express` if it exists or add a new declaration (.d.ts) file containing `declare module 'express';`
src/routes/bookings.ts(8,43): error TS7006: Parameter 'res' implicitly has an 'any' type.
src/routes/bookings.ts(20,13): error TS2339: Property 'body' does not exist on type 'AuthRequest'.
src/routes/bookings.ts(72,17): error TS2353: Object literal may only specify known properties, and 'startDate' does not exist in type 'BookingWhereInput'.
src/routes/bookings.ts(73,17): error TS2353: Object literal may only specify known properties, and 'endDate' does not exist in type 'BookingWhereInput'.
src/routes/bookings.ts(78,17): error TS2353: Object literal may only specify known properties, and 'startDate' does not exist in type 'BookingWhereInput'.
src/routes/bookings.ts(79,17): error TS2353: Object literal may only specify known properties, and 'endDate' does not exist in type 'BookingWhereInput'.
src/routes/bookings.ts(84,17): error TS2353: Object literal may only specify known properties, and 'startDate' does not exist in type 'BookingWhereInput'.
src/routes/bookings.ts(85,17): error TS2353: Object literal may only specify known properties, and 'endDate' does not exist in type 'BookingWhereInput'.
src/routes/bookings.ts(105,9): error TS2353: Object literal may only specify known properties, and 'auPairId' does not exist in type '(Without<BookingCreateInput, BookingUncheckedCreateInput> & BookingUncheckedCreateInput) | (Without<...> & BookingCreateInput)'.
src/routes/bookings.ts(117,9): error TS2353: Object literal may only specify known properties, and 'auPair' does not exist in type 'BookingInclude<DefaultArgs>'.
src/routes/bookings.ts(146,53): error TS7006: Parameter 'res' implicitly has an 'any' type.
src/routes/bookings.ts(150,24): error TS2339: Property 'query' does not exist on type 'AuthRequest'.
src/routes/bookings.ts(151,26): error TS2339: Property 'query' does not exist on type 'AuthRequest'.
src/routes/bookings.ts(172,9): error TS2353: Object literal may only specify known properties, and 'auPair' does not exist in type 'BookingInclude<DefaultArgs>'.
src/routes/bookings.ts(191,18): error TS2353: Object literal may only specify known properties, and 'startDate' does not exist in type 'BookingOrderByWithRelationInput | BookingOrderByWithRelationInput[]'.
src/routes/bookings.ts(202,52): error TS7006: Parameter 'res' implicitly has an 'any' type.
src/routes/bookings.ts(204,31): error TS2339: Property 'params' does not exist on type 'AuthRequest'.
src/routes/bookings.ts(210,9): error TS2353: Object literal may only specify known properties, and 'auPair' does not exist in type 'BookingInclude<DefaultArgs>'.
src/routes/bookings.ts(236,17): error TS2339: Property 'auPairId' does not exist on type '{ id: string; createdAt: Date; updatedAt: Date; status: BookingStatus; notes: string | null; receiverId: string; requesterId: string; scheduledDate: Date; scheduledTime: string; duration: number; bookingType: BookingType; }'.
src/routes/bookings.ts(236,48): error TS2339: Property 'hostId' does not exist on type '{ id: string; createdAt: Date; updatedAt: Date; status: BookingStatus; notes: string | null; receiverId: string; requesterId: string; scheduledDate: Date; scheduledTime: string; duration: number; bookingType: BookingType; }'.
src/routes/bookings.ts(248,59): error TS7006: Parameter 'res' implicitly has an 'any' type.
src/routes/bookings.ts(250,31): error TS2339: Property 'params' does not exist on type 'AuthRequest'.
src/routes/bookings.ts(251,35): error TS2339: Property 'body' does not exist on type 'AuthRequest'.
src/routes/bookings.ts(269,17): error TS2339: Property 'auPairId' does not exist on type '{ id: string; createdAt: Date; updatedAt: Date; status: BookingStatus; notes: string | null; receiverId: string; requesterId: string; scheduledDate: Date; scheduledTime: string; duration: number; bookingType: BookingType; }'.
src/routes/bookings.ts(269,48): error TS2339: Property 'hostId' does not exist on type '{ id: string; createdAt: Date; updatedAt: Date; status: BookingStatus; notes: string | null; receiverId: string; requesterId: string; scheduledDate: Date; scheduledTime: string; duration: number; bookingType: BookingType; }'.
src/routes/bookings.ts(274,43): error TS2339: Property 'endDate' does not exist on type '{ id: string; createdAt: Date; updatedAt: Date; status: BookingStatus; notes: string | null; receiverId: string; requesterId: string; scheduledDate: Date; scheduledTime: string; duration: number; bookingType: BookingType; }'.
src/routes/bookings.ts(278,42): error TS2339: Property 'startDate' does not exist on type '{ id: string; createdAt: Date; updatedAt: Date; status: BookingStatus; notes: string | null; receiverId: string; requesterId: string; scheduledDate: Date; scheduledTime: string; duration: number; bookingType: BookingType; }'.
src/routes/bookings.ts(290,9): error TS2353: Object literal may only specify known properties, and 'auPair' does not exist in type 'BookingInclude<DefaultArgs>'.
src/routes/bookings.ts(319,52): error TS7006: Parameter 'res' implicitly has an 'any' type.
src/routes/bookings.ts(321,31): error TS2339: Property 'params' does not exist on type 'AuthRequest'.
src/routes/bookings.ts(329,13): error TS2339: Property 'body' does not exist on type 'AuthRequest'.
src/routes/bookings.ts(341,17): error TS2339: Property 'auPairId' does not exist on type '{ id: string; createdAt: Date; updatedAt: Date; status: BookingStatus; notes: string | null; receiverId: string; requesterId: string; scheduledDate: Date; scheduledTime: string; duration: number; bookingType: BookingType; }'.
src/routes/bookings.ts(341,48): error TS2339: Property 'hostId' does not exist on type '{ id: string; createdAt: Date; updatedAt: Date; status: BookingStatus; notes: string | null; receiverId: string; requesterId: string; scheduledDate: Date; scheduledTime: string; duration: number; bookingType: BookingType; }'.
src/routes/bookings.ts(360,31): error TS2339: Property 'totalAmount' does not exist on type '{ id: string; createdAt: Date; updatedAt: Date; status: BookingStatus; notes: string | null; receiverId: string; requesterId: string; scheduledDate: Date; scheduledTime: string; duration: number; bookingType: BookingType; }'.
src/routes/bookings.ts(374,37): error TS2339: Property 'totalAmount' does not exist on type '{ id: string; createdAt: Date; updatedAt: Date; status: BookingStatus; notes: string | null; receiverId: string; requesterId: string; scheduledDate: Date; scheduledTime: string; duration: number; bookingType: BookingType; }'.
src/routes/bookings.ts(378,9): error TS2353: Object literal may only specify known properties, and 'auPair' does not exist in type 'BookingInclude<DefaultArgs>'.
src/routes/bookings.ts(407,55): error TS7006: Parameter 'res' implicitly has an 'any' type.
src/routes/bookings.ts(409,31): error TS2339: Property 'params' does not exist on type 'AuthRequest'.
src/routes/bookings.ts(421,17): error TS2339: Property 'auPairId' does not exist on type '{ id: string; createdAt: Date; updatedAt: Date; status: BookingStatus; notes: string | null; receiverId: string; requesterId: string; scheduledDate: Date; scheduledTime: string; duration: number; bookingType: BookingType; }'.
src/routes/bookings.ts(421,48): error TS2339: Property 'hostId' does not exist on type '{ id: string; createdAt: Date; updatedAt: Date; status: BookingStatus; notes: string | null; receiverId: string; requesterId: string; scheduledDate: Date; scheduledTime: string; duration: number; bookingType: BookingType; }'.
src/routes/bookings.ts(442,72): error TS7006: Parameter 'res' implicitly has an 'any' type.
src/routes/bookings.ts(444,30): error TS2339: Property 'params' does not exist on type 'AuthRequest'.
src/routes/bookings.ts(445,27): error TS2339: Property 'query' does not exist on type 'AuthRequest'.
src/routes/bookings.ts(446,25): error TS2339: Property 'query' does not exist on type 'AuthRequest'.
src/routes/bookings.ts(480,9): error TS2353: Object literal may only specify known properties, and 'startDate' does not exist in type 'BookingSelect<DefaultArgs>'.
src/routes/bookings.ts(484,18): error TS2353: Object literal may only specify known properties, and 'startDate' does not exist in type 'BookingOrderByWithRelationInput | BookingOrderByWithRelationInput[]'.
src/routes/calendar.ts(2,21): error TS7016: Could not find a declaration file for module 'express'. '/opt/render/project/src/backend/node_modules/express/index.js' implicitly has an 'any' type.
  Try `npm i --save-dev @types/express` if it exists or add a new declaration (.d.ts) file containing `declare module 'express';`
src/routes/calendar.ts(9,54): error TS7006: Parameter 'res' implicitly has an 'any' type.
src/routes/calendar.ts(26,55): error TS7006: Parameter 'res' implicitly has an 'any' type.
src/routes/calendar.ts(29,56): error TS2339: Property 'body' does not exist on type 'AuthRequest'.
src/routes/calendar.ts(74,50): error TS7006: Parameter 'res' implicitly has an 'any' type.
src/routes/calendar.ts(124,51): error TS7006: Parameter 'res' implicitly has an 'any' type.
src/routes/calendar.ts(127,92): error TS2339: Property 'body' does not exist on type 'AuthRequest'.
src/routes/calendar.ts(206,61): error TS7006: Parameter 'res' implicitly has an 'any' type.
src/routes/calendar.ts(208,31): error TS2339: Property 'params' does not exist on type 'AuthRequest'.
src/routes/calendar.ts(209,35): error TS2339: Property 'body' does not exist on type 'AuthRequest'.
src/routes/documents.ts(1,21): error TS7016: Could not find a declaration file for module 'express'. '/opt/render/project/src/backend/node_modules/express/index.js' implicitly has an 'any' type.
  Try `npm i --save-dev @types/express` if it exists or add a new declaration (.d.ts) file containing `declare module 'express';`
src/routes/documents.ts(9,76): error TS7006: Parameter 'res' implicitly has an 'any' type.
src/routes/documents.ts(12,26): error TS2339: Property 'body' does not exist on type 'AuthRequest'.
src/routes/documents.ts(14,14): error TS2339: Property 'file' does not exist on type 'AuthRequest'.
src/routes/documents.ts(31,46): error TS2339: Property 'file' does not exist on type 'AuthRequest'.
src/routes/documents.ts(50,25): error TS2339: Property 'file' does not exist on type 'AuthRequest'.
src/routes/documents.ts(50,63): error TS2339: Property 'file' does not exist on type 'AuthRequest'.
src/routes/documents.ts(51,29): error TS2339: Property 'file' does not exist on type 'AuthRequest'.
src/routes/documents.ts(65,25): error TS2339: Property 'file' does not exist on type 'AuthRequest'.
src/routes/documents.ts(65,63): error TS2339: Property 'file' does not exist on type 'AuthRequest'.
src/routes/documents.ts(66,29): error TS2339: Property 'file' does not exist on type 'AuthRequest'.
src/routes/documents.ts(81,54): error TS7006: Parameter 'res' implicitly has an 'any' type.
src/routes/documents.ts(109,54): error TS7006: Parameter 'res' implicitly has an 'any' type.
src/routes/documents.ts(111,28): error TS2339: Property 'params' does not exist on type 'AuthRequest'.
src/routes/documents.ts(163,60): error TS7006: Parameter 'res' implicitly has an 'any' type.
src/routes/documents.ts(165,32): error TS2339: Property 'params' does not exist on type 'AuthRequest'.
src/routes/documents.ts(166,35): error TS2339: Property 'body' does not exist on type 'AuthRequest'.
src/routes/documents.ts(195,56): error TS7006: Parameter 'res' implicitly has an 'any' type.
src/routes/documents.ts(197,32): error TS2339: Property 'params' does not exist on type 'AuthRequest'.
src/routes/documents.ts(235,45): error TS7006: Parameter 'res' implicitly has an 'any' type.
src/routes/documents.ts(243,24): error TS2339: Property 'query' does not exist on type 'AuthRequest'.
src/routes/documents.ts(244,22): error TS2339: Property 'query' does not exist on type 'AuthRequest'.
src/routes/documents.ts(245,31): error TS2339: Property 'query' does not exist on type 'AuthRequest'.
src/routes/documents.ts(246,32): error TS2339: Property 'query' does not exist on type 'AuthRequest'.
src/routes/matches.ts(1,21): error TS7016: Could not find a declaration file for module 'express'. '/opt/render/project/src/backend/node_modules/express/index.js' implicitly has an 'any' type.
  Try `npm i --save-dev @types/express` if it exists or add a new declaration (.d.ts) file containing `declare module 'express';`
src/routes/matches.ts(9,51): error TS7006: Parameter 'res' implicitly has an 'any' type.
src/routes/matches.ts(12,32): error TS2339: Property 'query' does not exist on type 'AuthRequest'.
src/routes/matches.ts(24,52): error TS7006: Parameter 'res' implicitly has an 'any' type.
src/routes/matches.ts(27,24): error TS2339: Property 'query' does not exist on type 'AuthRequest'.
src/routes/matches.ts(71,43): error TS7006: Parameter 'res' implicitly has an 'any' type.
src/routes/matches.ts(75,41): error TS2339: Property 'body' does not exist on type 'AuthRequest'.
src/routes/matches.ts(177,57): error TS7006: Parameter 'res' implicitly has an 'any' type.
src/routes/matches.ts(179,29): error TS2339: Property 'params' does not exist on type 'AuthRequest'.
src/routes/matches.ts(180,35): error TS2339: Property 'body' does not exist on type 'AuthRequest'.
src/routes/matches.ts(243,53): error TS7006: Parameter 'res' implicitly has an 'any' type.
src/routes/matches.ts(245,29): error TS2339: Property 'params' does not exist on type 'AuthRequest'.
src/routes/messages.ts(1,21): error TS7016: Could not find a declaration file for module 'express'. '/opt/render/project/src/backend/node_modules/express/index.js' implicitly has an 'any' type.
  Try `npm i --save-dev @types/express` if it exists or add a new declaration (.d.ts) file containing `declare module 'express';`
src/routes/messages.ts(8,55): error TS7006: Parameter 'res' implicitly has an 'any' type.
src/routes/messages.ts(84,49): error TS7006: Parameter 'res' implicitly has an 'any' type.
src/routes/messages.ts(87,41): error TS2339: Property 'params' does not exist on type 'AuthRequest'.
src/routes/messages.ts(88,31): error TS2339: Property 'query' does not exist on type 'AuthRequest'.
src/routes/messages.ts(89,32): error TS2339: Property 'query' does not exist on type 'AuthRequest'.
src/routes/messages.ts(151,47): error TS7006: Parameter 'res' implicitly has an 'any' type.
src/routes/messages.ts(154,41): error TS2339: Property 'body' does not exist on type 'AuthRequest'.
src/routes/messages.ts(215,51): error TS7006: Parameter 'res' implicitly has an 'any' type.
src/routes/messages.ts(218,30): error TS2339: Property 'body' does not exist on type 'AuthRequest'.
src/routes/messages.ts(241,54): error TS7006: Parameter 'res' implicitly has an 'any' type.
src/routes/messages.ts(260,55): error TS7006: Parameter 'res' implicitly has an 'any' type.
src/routes/messages.ts(262,31): error TS2339: Property 'params' does not exist on type 'AuthRequest'.
src/routes/profiles.ts(1,21): error TS7016: Could not find a declaration file for module 'express'. '/opt/render/project/src/backend/node_modules/express/index.js' implicitly has an 'any' type.
  Try `npm i --save-dev @types/express` if it exists or add a new declaration (.d.ts) file containing `declare module 'express';`
src/routes/profiles.ts(8,50): error TS7006: Parameter 'res' implicitly has an 'any' type.
src/routes/profiles.ts(27,13): error TS2339: Property 'body' does not exist on type 'AuthRequest'.
src/routes/profiles.ts(92,54): error TS7006: Parameter 'res' implicitly has an 'any' type.
src/routes/profiles.ts(108,13): error TS2339: Property 'body' does not exist on type 'AuthRequest'.
src/routes/profiles.ts(169,44): error TS7006: Parameter 'res' implicitly has an 'any' type.
src/routes/profiles.ts(194,49): error TS7006: Parameter 'res' implicitly has an 'any' type.
src/routes/profiles.ts(196,28): error TS2339: Property 'params' does not exist on type 'AuthRequest'.
src/routes/profiles.ts(227,47): error TS7006: Parameter 'res' implicitly has an 'any' type.
src/routes/users-simple.ts(1,44): error TS7016: Could not find a declaration file for module 'express'. '/opt/render/project/src/backend/node_modules/express/index.js' implicitly has an 'any' type.
  Try `npm i --save-dev @types/express` if it exists or add a new declaration (.d.ts) file containing `declare module 'express';`
src/routes/users.ts(1,21): error TS7016: Could not find a declaration file for module 'express'. '/opt/render/project/src/backend/node_modules/express/index.js' implicitly has an 'any' type.
  Try `npm i --save-dev @types/express` if it exists or add a new declaration (.d.ts) file containing `declare module 'express';`
src/routes/users.ts(11,42): error TS7006: Parameter 'res' implicitly has an 'any' type.
src/routes/users.ts(48,45): error TS7006: Parameter 'res' implicitly has an 'any' type.
src/routes/users.ts(50,24): error TS2339: Property 'params' does not exist on type 'AuthRequest'.
src/routes/users.ts(79,52): error TS7006: Parameter 'res' implicitly has an 'any' type.
src/routes/users.ts(81,24): error TS2339: Property 'params' does not exist on type 'AuthRequest'.
src/routes/users.ts(82,30): error TS2339: Property 'body' does not exist on type 'AuthRequest'.
src/routes/users.ts(106,47): error TS7006: Parameter 'res' implicitly has an 'any' type.
src/sockets/messageHandlers.ts(2,17): error TS7016: Could not find a declaration file for module 'jsonwebtoken'. '/opt/render/project/src/backend/node_modules/jsonwebtoken/index.js' implicitly has an 'any' type.
  Try `npm i --save-dev @types/jsonwebtoken` if it exists or add a new declaration (.d.ts) file containing `declare module 'jsonwebtoken';`
src/sockets/messageHandlers.ts(211,10): error TS2304: Cannot find name 'handleConnection'.
src/sockets/messageHandlers.ts(214,23): error TS2304: Cannot find name 'handleConnection'.
src/utils/email.ts(1,24): error TS7016: Could not find a declaration file for module 'nodemailer'. '/opt/render/project/src/backend/node_modules/nodemailer/lib/nodemailer.js' implicitly has an 'any' type.
  Try `npm i --save-dev @types/nodemailer` if it exists or add a new declaration (.d.ts) file containing `declare module 'nodemailer';`
src/utils/jwt.ts(1,17): error TS7016: Could not find a declaration file for module 'jsonwebtoken'. '/opt/render/project/src/backend/node_modules/jsonwebtoken/index.js' implicitly has an 'any' type.
  Try `npm i --save-dev @types/jsonwebtoken` if it exists or add a new declaration (.d.ts) file containing `declare module 'jsonwebtoken';`
src/utils/supabase.ts(2,20): error TS7016: Could not find a declaration file for module 'multer'. '/opt/render/project/src/backend/node_modules/multer/index.js' implicitly has an 'any' type.
  Try `npm i --save-dev @types/multer` if it exists or add a new declaration (.d.ts) file containing `declare module 'multer';`
src/utils/supabase.ts(16,16): error TS7006: Parameter 'req' implicitly has an 'any' type.
src/utils/supabase.ts(16,21): error TS7006: Parameter 'file' implicitly has an 'any' type.
src/utils/supabase.ts(16,27): error TS7006: Parameter 'cb' implicitly has an 'any' type.
src/utils/supabase.ts(27,9): error TS2503: Cannot find namespace 'Express'.
==> Build failed ðŸ˜ž
==> Common ways to troubleshoot your deploy: https://render.com/docs/troubleshooting-deploys
